<?xml version="1.0" encoding="UTF-8"?>
<!-- Generated by org.testng.reporters.JUnitReportReporter -->
<testsuite hostname="DESKTOP-21G8DKN" failures="0" tests="1" name="apiFramework.GetApi2" time="3.389" errors="0" timestamp="2022-04-10T16:43:15 IST" skipped="0">
  <testcase classname="apiFramework.GetApi2" name="getapiresponse" time="3.389"/>
  <system-out/>
</testsuite> <!-- apiFramework.GetApi2 -->
