<?xml version="1.0" encoding="UTF-8"?>
<!-- Generated by org.testng.reporters.JUnitReportReporter -->
<testsuite hostname="DESKTOP-21G8DKN" failures="0" tests="2" name="apiFramework.GetMultipleQuery" time="5.888" errors="0" timestamp="2022-04-10T16:59:45 IST" skipped="0">
  <testcase classname="apiFramework.GetMultipleQuery" name="getapiresponse" time="3.893"/>
  <system-out/>
  <testcase classname="apiFramework.GetMultipleQuery" name="getapiresponse2" time="1.995"/>
  <system-out/>
</testsuite> <!-- apiFramework.GetMultipleQuery -->
