<?xml version="1.0" encoding="UTF-8"?>
<!-- Generated by org.testng.reporters.JUnitReportReporter -->
<testsuite hostname="DESKTOP-21G8DKN" failures="0" tests="1" name="apiFramework.GetApi" time="3.089" errors="0" timestamp="2022-04-10T16:02:52 IST" skipped="0">
  <testcase classname="apiFramework.GetApi" name="getapiresponse" time="3.089"/>
  <system-out/>
</testsuite> <!-- apiFramework.GetApi -->
